<?xml version="1.0" encoding="UTF-8" ?>
<testsuite tests="5" failures="0" name="stepDef.TestRunner" time="18.2" errors="0" skipped="0">
  <properties>
[...]
</properties>
  <testcase classname="Validating Demo Google Maps API" name="Verifying add place api" time="14.86"/>
  <testcase classname="Validating Demo Google Maps API" name="Validating the get place api #1" time="1.266"/>
  <testcase classname="Validating Demo Google Maps API" name="Validating update place api" time="1.321"/>
  <testcase classname="Validating Demo Google Maps API" name="Validating the get place api #2" time="0.702"/>
  <testcase classname="Validating Demo Google Maps API" name="Deleting a place" time="0.051"/>
</testsuite>